[INFO] Scanning for projects...
[INFO] 
[INFO] --------------------------< org.example:DZ3 >---------------------------
[INFO] Building DZ3 1.0-SNAPSHOT
[INFO]   from pom.xml
[INFO] --------------------------------[ jar ]---------------------------------
[INFO] 
[INFO] --- clean:3.2.0:clean (default-clean) @ DZ3 ---
[INFO] Deleting /Users/romaha/Documents/sber/DZ3/target
[INFO] 
[INFO] --- resources:3.4.0:resources (default-resources) @ DZ3 ---
[INFO] Copying 0 resource from src/main/resources to target/classes
[INFO] 
[INFO] --- compiler:3.11.0:compile (default-compile) @ DZ3 ---
[INFO] Changes detected - recompiling the module! :source
[INFO] Compiling 2 source files with javac [debug target 17] to target/classes
[WARNING] location of system modules is not set in conjunction with -source 17
  not setting the location of system modules may lead to class files that cannot run on JDK 17
    --release 17 is recommended instead of -source 17 -target 17 because it sets the location of system modules automatically
[INFO] ------------------------------------------------------------------------
[INFO] BUILD SUCCESS
[INFO] ------------------------------------------------------------------------
[INFO] Total time:  0.347 s
[INFO] Finished at: 2026-07-01T10:24:42-07:00
[INFO] ------------------------------------------------------------------------
